Using pre-set license
Built from '2020.3/staging' branch; Version is '2020.3.33f1 (915a7af8b0d5) revision 9525882'; Using compiler version '192528614'; Build Type 'Release'
OS: 'Windows 11  (10.0.22000) 64bit Professional' Language: 'en' Physical Memory: 8136 MB
BatchMode: 1, IsHumanControllingUs: 0, StartBugReporterOnCrash: 0, Is64bit: 1, IsPro: 0

COMMAND LINE ARGUMENTS:
C:\Program Files\Unity\Hub\Editor\2020.3.33f1\Editor\Unity.exe
-adb2
-batchMode
-noUpm
-name
AssetImportWorker0
-projectPath
C:/Users/Mahmoud/Documents/StockGame/GP-Main
-logFile
Logs/AssetImportWorker0.log
-srvPort
64030
Successfully changed project path to: C:/Users/Mahmoud/Documents/StockGame/GP-Main
C:/Users/Mahmoud/Documents/StockGame/GP-Main
Using Asset Import Pipeline V2.
Refreshing native plugins compatible for Editor in 309.72 ms, found 4 plugins.
Preloading 0 native plugins for Editor in 0.00 ms.
Initialize engine version: 2020.3.33f1 (915a7af8b0d5)
[Subsystems] Discovering subsystems at path C:/Program Files/Unity/Hub/Editor/2020.3.33f1/Editor/Data/Resources/UnitySubsystems
[Subsystems] Discovering subsystems at path C:/Users/Mahmoud/Documents/StockGame/GP-Main/Assets
GfxDevice: creating device client; threaded=0
Direct3D:
    Version:  Direct3D 11.0 [level 11.1]
    Renderer: Radeon RX 580 Series (ID=0x67df)
    Vendor:   
    VRAM:     8170 MB
    Driver:   30.0.15021.11005
Initialize mono
Mono path[0] = 'C:/Program Files/Unity/Hub/Editor/2020.3.33f1/Editor/Data/Managed'
Mono path[1] = 'C:/Program Files/Unity/Hub/Editor/2020.3.33f1/Editor/Data/MonoBleedingEdge/lib/mono/unityjit'
Mono config path = 'C:/Program Files/Unity/Hub/Editor/2020.3.33f1/Editor/Data/MonoBleedingEdge/etc'
Using monoOptions --debugger-agent=transport=dt_socket,embedding=1,server=y,suspend=n,address=127.0.0.1:56936
Begin MonoManager ReloadAssembly
Registering precompiled unity dll's ...
Register platform support module: C:/Program Files/Unity/Hub/Editor/2020.3.33f1/Editor/Data/PlaybackEngines/WindowsStandaloneSupport/UnityEditor.WindowsStandalone.Extensions.dll
Registered in 0.003842 seconds.
Native extension for WindowsStandalone target not found
Refreshing native plugins compatible for Editor in 93.62 ms, found 4 plugins.
Preloading 0 native plugins for Editor in 0.00 ms.
Mono: successfully reloaded assembly
- Completed reload, in  0.775 seconds
Domain Reload Profiling:
	ReloadAssembly (776ms)
		BeginReloadAssembly (142ms)
			ExecutionOrderSort (0ms)
			DisableScriptedObjects (0ms)
			BackupInstance (0ms)
			ReleaseScriptingObjects (0ms)
			CreateAndSetChildDomain (1ms)
		EndReloadAssembly (559ms)
			LoadAssemblies (140ms)
			RebuildTransferFunctionScriptingTraits (0ms)
			SetupTypeCache (184ms)
			ReleaseScriptCaches (0ms)
			RebuildScriptCaches (33ms)
			SetupLoadedEditorAssemblies (224ms)
				LogAssemblyErrors (0ms)
				InitializePlatformSupportModulesInManaged (6ms)
				SetLoadedEditorAssemblies (0ms)
				RefreshPlugins (94ms)
				BeforeProcessingInitializeOnLoad (13ms)
				ProcessInitializeOnLoadAttributes (82ms)
				ProcessInitializeOnLoadMethodAttributes (29ms)
				AfterProcessingInitializeOnLoad (0ms)
				EditorAssembliesLoaded (0ms)
			ExecutionOrderSort2 (0ms)
			AwakeInstancesAfterBackupRestoration (0ms)
Platform modules already initialized, skipping
Registering precompiled user dll's ...
Registered in 0.045738 seconds.
Begin MonoManager ReloadAssembly
Symbol file LoadedFromMemory doesn't match image C:\Users\Mahmoud\Documents\StockGame\GP-Main\Library\PackageCache\com.unity.collab-proxy@1.15.15\Lib\Editor\PlasticSCM\unityplastic.dll
Native extension for WindowsStandalone target not found
Refreshing native plugins compatible for Editor in 0.85 ms, found 4 plugins.
Preloading 0 native plugins for Editor in 0.00 ms.
Mono: successfully reloaded assembly
- Completed reload, in  1.348 seconds
Domain Reload Profiling:
	ReloadAssembly (1349ms)
		BeginReloadAssembly (155ms)
			ExecutionOrderSort (0ms)
			DisableScriptedObjects (5ms)
			BackupInstance (0ms)
			ReleaseScriptingObjects (0ms)
			CreateAndSetChildDomain (20ms)
		EndReloadAssembly (1131ms)
			LoadAssemblies (231ms)
			RebuildTransferFunctionScriptingTraits (0ms)
			SetupTypeCache (356ms)
			ReleaseScriptCaches (1ms)
			RebuildScriptCaches (71ms)
			SetupLoadedEditorAssemblies (387ms)
				LogAssemblyErrors (0ms)
				InitializePlatformSupportModulesInManaged (5ms)
				SetLoadedEditorAssemblies (0ms)
				RefreshPlugins (1ms)
				BeforeProcessingInitializeOnLoad (85ms)
				ProcessInitializeOnLoadAttributes (274ms)
				ProcessInitializeOnLoadMethodAttributes (17ms)
				AfterProcessingInitializeOnLoad (5ms)
				EditorAssembliesLoaded (0ms)
			ExecutionOrderSort2 (0ms)
			AwakeInstancesAfterBackupRestoration (7ms)
Platform modules already initialized, skipping
========================================================================
Worker process is ready to serve import requests
Launched and connected shader compiler UnityShaderCompiler.exe after 0.11 seconds
Refreshing native plugins compatible for Editor in 1.12 ms, found 4 plugins.
Preloading 0 native plugins for Editor in 0.00 ms.
Unloading 2983 Unused Serialized files (Serialized files now loaded: 0)
System memory in use before: 154.4 MB.
System memory in use after: 154.7 MB.

Unloading 42 unused Assets to reduce memory usage. Loaded Objects now: 3451.
Total: 2.978000 ms (FindLiveObjects: 0.266000 ms CreateObjectMapping: 0.174800 ms MarkObjects: 2.496400 ms  DeleteObjects: 0.039800 ms)

AssetImportParameters requested are different than current active one (requested -> active):
  custom:framework-win-MediaFoundation: 216162199b28c13a410421893ffa2e32 -> 
  custom:video-decoder-ogg-theora: a1e56fd34408186e4bbccfd4996cb3dc -> 
  custom:container-muxer-webm: aa71ff27fc2769a1b78a27578f13a17b -> 
  custom:container-demuxer-webm: 4f35f7cbe854078d1ac9338744f61a02 -> 
  custom:container-demuxer-ogg: 62fdf1f143b41e24485cea50d1cbac27 -> 
  custom:video-encoder-webm-vp8: eb34c28f22e8b96e1ab97ce403110664 -> 
  custom:video-decoder-webm-vp8: 9c59270c3fd7afecdb556c50c9e8de78 -> 
  custom:audio-decoder-ogg-vorbis: bf7c407c2cedff20999df2af8eb42d56 -> 
  custom:audio-encoder-webm-vorbis: bf7c407c2cedff20999df2af8eb42d56 -> 
========================================================================
Received Import Request.
  path: Assets/Sounds/VoiceOvers/Adnan's Voice Over/Line 2 - Adnan.mp3
  artifactKey: Guid(164e9fee74749ea408f1e02c9ba7cb54) Importer(815301076,1909f56bfc062723c751e8b465ee728b)
Start importing Assets/Sounds/VoiceOvers/Adnan's Voice Over/Line 2 - Adnan.mp3 using Guid(164e9fee74749ea408f1e02c9ba7cb54) Importer(815301076,1909f56bfc062723c751e8b465ee728b)  -> (artifact id: 'd2608698c88c0fe98e7386cc5a1445f2') in 0.147767 seconds 
========================================================================
Received Import Request.
  Time since last request: 0.000537 seconds.
  path: Assets/Sounds/VoiceOvers/Adnan's Voice Over/Line 9 - Adnan.mp3
  artifactKey: Guid(b9aa210b8f942eb41bd7331de395b76c) Importer(815301076,1909f56bfc062723c751e8b465ee728b)
Start importing Assets/Sounds/VoiceOvers/Adnan's Voice Over/Line 9 - Adnan.mp3 using Guid(b9aa210b8f942eb41bd7331de395b76c) Importer(815301076,1909f56bfc062723c751e8b465ee728b)  -> (artifact id: '7e96f18859f6fb609a00cea9b77e9574') in 0.064391 seconds 
========================================================================
Received Import Request.
  Time since last request: 0.000250 seconds.
  path: Assets/Sounds/VoiceOvers/Adnan's Voice Over/Line 11 - Adnan.mp3
  artifactKey: Guid(d664e88ed836e324994833f171abf36d) Importer(815301076,1909f56bfc062723c751e8b465ee728b)
Start importing Assets/Sounds/VoiceOvers/Adnan's Voice Over/Line 11 - Adnan.mp3 using Guid(d664e88ed836e324994833f171abf36d) Importer(815301076,1909f56bfc062723c751e8b465ee728b)  -> (artifact id: '98c22bfef98cfa0b25f095e294a3d467') in 0.049814 seconds 
========================================================================
Received Import Request.
  Time since last request: 0.000285 seconds.
  path: Assets/Sounds/VoiceOvers/Adnan's Voice Over/Line 18 - Adnan.mp3
  artifactKey: Guid(b3d8cecab1dff5a4a86f630e0e02b9f6) Importer(815301076,1909f56bfc062723c751e8b465ee728b)
Start importing Assets/Sounds/VoiceOvers/Adnan's Voice Over/Line 18 - Adnan.mp3 using Guid(b3d8cecab1dff5a4a86f630e0e02b9f6) Importer(815301076,1909f56bfc062723c751e8b465ee728b)  -> (artifact id: '7762b9d3f9c77dcc6eb9c01a5e05106f') in 0.027654 seconds 
========================================================================
Received Import Request.
  Time since last request: 0.000205 seconds.
  path: Assets/Sounds/VoiceOvers/Adnan's Voice Over/Line 19 - Adnan.mp3
  artifactKey: Guid(008c8215e8e8723448706c3af0fdc907) Importer(815301076,1909f56bfc062723c751e8b465ee728b)
Start importing Assets/Sounds/VoiceOvers/Adnan's Voice Over/Line 19 - Adnan.mp3 using Guid(008c8215e8e8723448706c3af0fdc907) Importer(815301076,1909f56bfc062723c751e8b465ee728b)  -> (artifact id: '5fa13e8a7be45fbcaa477756168ed55a') in 0.026768 seconds 
========================================================================
Received Import Request.
  Time since last request: 0.000256 seconds.
  path: Assets/Sounds/VoiceOvers/Adnan's Voice Over/Line 12 - Adnan.mp3
  artifactKey: Guid(ee0cc6841676b544a9f3015aceb8c070) Importer(815301076,1909f56bfc062723c751e8b465ee728b)
Start importing Assets/Sounds/VoiceOvers/Adnan's Voice Over/Line 12 - Adnan.mp3 using Guid(ee0cc6841676b544a9f3015aceb8c070) Importer(815301076,1909f56bfc062723c751e8b465ee728b)  -> (artifact id: 'b43641cc8dd6ec6620b08f9f418080c1') in 0.025240 seconds 
========================================================================
Received Import Request.
  Time since last request: 0.000219 seconds.
  path: Assets/Sounds/VoiceOvers/Adnan's Voice Over/Line 4 - Adnan.mp3
  artifactKey: Guid(9cdf5c402eb3971428cf725b409aff6c) Importer(815301076,1909f56bfc062723c751e8b465ee728b)
Start importing Assets/Sounds/VoiceOvers/Adnan's Voice Over/Line 4 - Adnan.mp3 using Guid(9cdf5c402eb3971428cf725b409aff6c) Importer(815301076,1909f56bfc062723c751e8b465ee728b)  -> (artifact id: '27de3b39215c02ab07ea62010f83d9f1') in 0.030826 seconds 
========================================================================
Received Import Request.
  Time since last request: 0.000485 seconds.
  path: Assets/Sounds/VoiceOvers
  artifactKey: Guid(77fcdc9604b32714a96a54561dd847e9) Importer(815301076,1909f56bfc062723c751e8b465ee728b)
Start importing Assets/Sounds/VoiceOvers using Guid(77fcdc9604b32714a96a54561dd847e9) Importer(815301076,1909f56bfc062723c751e8b465ee728b)  -> (artifact id: 'b0cbcffef4f5e9c55a5053f859b036e1') in 0.005782 seconds 
========================================================================
Received Import Request.
  Time since last request: 0.000177 seconds.
  path: Assets/Sounds/VoiceOvers/Adnan's Voice Over/Line 16 - Adnan.mp3
  artifactKey: Guid(75ed1a8a88294314983acaa2cca7daa1) Importer(815301076,1909f56bfc062723c751e8b465ee728b)
Start importing Assets/Sounds/VoiceOvers/Adnan's Voice Over/Line 16 - Adnan.mp3 using Guid(75ed1a8a88294314983acaa2cca7daa1) Importer(815301076,1909f56bfc062723c751e8b465ee728b)  -> (artifact id: '777bacfb94cd85eab0e0834582e2b6fb') in 0.018239 seconds 
========================================================================
Received Import Request.
  Time since last request: 0.000296 seconds.
  path: Assets/Sounds/VoiceOvers/Adnan's Voice Over/Line 6 - Adnan.mp3
  artifactKey: Guid(1c35b880d4edbf54d8c14b85953cee52) Importer(815301076,1909f56bfc062723c751e8b465ee728b)
Start importing Assets/Sounds/VoiceOvers/Adnan's Voice Over/Line 6 - Adnan.mp3 using Guid(1c35b880d4edbf54d8c14b85953cee52) Importer(815301076,1909f56bfc062723c751e8b465ee728b)  -> (artifact id: '86801832731b7bc19929f7c0c4b8ca79') in 0.030755 seconds 
========================================================================
Received Import Request.
  Time since last request: 0.000253 seconds.
  path: Assets/Sounds/VoiceOvers/Adnan's Voice Over/Line 17 - Adnan.mp3
  artifactKey: Guid(21afdf86b9d83574baf1585831c7fe51) Importer(815301076,1909f56bfc062723c751e8b465ee728b)
Start importing Assets/Sounds/VoiceOvers/Adnan's Voice Over/Line 17 - Adnan.mp3 using Guid(21afdf86b9d83574baf1585831c7fe51) Importer(815301076,1909f56bfc062723c751e8b465ee728b)  -> (artifact id: '271eb332d1bf7fcb5fb239e6fc012587') in 0.023949 seconds 
========================================================================
Received Import Request.
  Time since last request: 0.000183 seconds.
  path: Assets/Sounds/VoiceOvers/Adnan's Voice Over/Line 3 - Adnan.mp3
  artifactKey: Guid(75c8631d3901d964ab0ad78c4bc6f565) Importer(815301076,1909f56bfc062723c751e8b465ee728b)
Start importing Assets/Sounds/VoiceOvers/Adnan's Voice Over/Line 3 - Adnan.mp3 using Guid(75c8631d3901d964ab0ad78c4bc6f565) Importer(815301076,1909f56bfc062723c751e8b465ee728b)  -> (artifact id: '098b03e54addee221adb77d62f726cdb') in 0.029585 seconds 
========================================================================
Received Import Request.
  Time since last request: 0.000211 seconds.
  path: Assets/Sounds/VoiceOvers/Adnan's Voice Over/Line 15 - Adnan.mp3
  artifactKey: Guid(f036a19d487ddde458d05200295377bc) Importer(815301076,1909f56bfc062723c751e8b465ee728b)
Start importing Assets/Sounds/VoiceOvers/Adnan's Voice Over/Line 15 - Adnan.mp3 using Guid(f036a19d487ddde458d05200295377bc) Importer(815301076,1909f56bfc062723c751e8b465ee728b)  -> (artifact id: '969f853f7126afcf6d61e043b00db7c4') in 0.022657 seconds 
========================================================================
Received Import Request.
  Time since last request: 0.000186 seconds.
  path: Assets/Sounds/VoiceOvers/Adnan's Voice Over/Line 1 - Adnan.mp3
  artifactKey: Guid(0648b63cf29270e47ba5c44f5f2b8bb8) Importer(815301076,1909f56bfc062723c751e8b465ee728b)
Start importing Assets/Sounds/VoiceOvers/Adnan's Voice Over/Line 1 - Adnan.mp3 using Guid(0648b63cf29270e47ba5c44f5f2b8bb8) Importer(815301076,1909f56bfc062723c751e8b465ee728b)  -> (artifact id: 'e9460dedd70dae6075a5f80c55e066a5') in 0.053142 seconds 
========================================================================
Received Import Request.
  Time since last request: 0.000375 seconds.
  path: Assets/Sounds/VoiceOvers/Adnan's Voice Over/Line 21 - Adnan.mp3
  artifactKey: Guid(96566a4e352ffa34aa8f7b38f2efb2cf) Importer(815301076,1909f56bfc062723c751e8b465ee728b)
Start importing Assets/Sounds/VoiceOvers/Adnan's Voice Over/Line 21 - Adnan.mp3 using Guid(96566a4e352ffa34aa8f7b38f2efb2cf) Importer(815301076,1909f56bfc062723c751e8b465ee728b)  -> (artifact id: '52ef4adc61337a6b78d7f607865e2b12') in 0.089076 seconds 
========================================================================
Received Import Request.
  Time since last request: 0.000394 seconds.
  path: Assets/Sounds/VoiceOvers/Adnan's Voice Over/Line 13 - Adnan.mp3
  artifactKey: Guid(b0be651aba94e4e4eb88cc6f2683ae78) Importer(815301076,1909f56bfc062723c751e8b465ee728b)
Start importing Assets/Sounds/VoiceOvers/Adnan's Voice Over/Line 13 - Adnan.mp3 using Guid(b0be651aba94e4e4eb88cc6f2683ae78) Importer(815301076,1909f56bfc062723c751e8b465ee728b)  -> (artifact id: '6e83bebe0b83ff1de4116cbe22ee01d1') in 0.043938 seconds 
========================================================================
Received Import Request.
  Time since last request: 0.000187 seconds.
  path: Assets/Sounds/VoiceOvers/Adnan's Voice Over/Line 7 - Adnan.mp3
  artifactKey: Guid(c9c00c5126910d64fbbd7ae0294d3846) Importer(815301076,1909f56bfc062723c751e8b465ee728b)
Start importing Assets/Sounds/VoiceOvers/Adnan's Voice Over/Line 7 - Adnan.mp3 using Guid(c9c00c5126910d64fbbd7ae0294d3846) Importer(815301076,1909f56bfc062723c751e8b465ee728b)  -> (artifact id: '128597b270bacd9faf0352d6ce840984') in 0.026373 seconds 
========================================================================
Received Import Request.
  Time since last request: 0.000224 seconds.
  path: Assets/Sounds/VoiceOvers/Adnan's Voice Over/Line 10 - Adnan.mp3
  artifactKey: Guid(98b7bf2ebf311d043bdbb1369163df22) Importer(815301076,1909f56bfc062723c751e8b465ee728b)
Start importing Assets/Sounds/VoiceOvers/Adnan's Voice Over/Line 10 - Adnan.mp3 using Guid(98b7bf2ebf311d043bdbb1369163df22) Importer(815301076,1909f56bfc062723c751e8b465ee728b)  -> (artifact id: 'ae62a558d27037f89bd7d4272f754feb') in 0.056071 seconds 
========================================================================
Received Import Request.
  Time since last request: 0.000272 seconds.
  path: Assets/Sounds/VoiceOvers/Adnan's Voice Over/Line 8 - Adnan.mp3
  artifactKey: Guid(6d678efa16f0b3248a1177e0c3926903) Importer(815301076,1909f56bfc062723c751e8b465ee728b)
Start importing Assets/Sounds/VoiceOvers/Adnan's Voice Over/Line 8 - Adnan.mp3 using Guid(6d678efa16f0b3248a1177e0c3926903) Importer(815301076,1909f56bfc062723c751e8b465ee728b)  -> (artifact id: '6ad1c1e7badf8c082767720e14fccaae') in 0.036145 seconds 
========================================================================
Received Import Request.
  Time since last request: 0.000176 seconds.
  path: Assets/Sounds/VoiceOvers/Adnan's Voice Over/Line 5 - Adnan.mp3
  artifactKey: Guid(22713a9aa04de39419c1a5249c3f2d02) Importer(815301076,1909f56bfc062723c751e8b465ee728b)
Start importing Assets/Sounds/VoiceOvers/Adnan's Voice Over/Line 5 - Adnan.mp3 using Guid(22713a9aa04de39419c1a5249c3f2d02) Importer(815301076,1909f56bfc062723c751e8b465ee728b)  -> (artifact id: 'b15f58dd379b38c08c29e1780dd56c5d') in 0.030616 seconds 
========================================================================
Received Import Request.
  Time since last request: 0.000184 seconds.
  path: Assets/Sounds/VoiceOvers/Adnan's Voice Over/Line 20 - Adnan.mp3
  artifactKey: Guid(5345146e29c60fb409b41d0fd2ff1259) Importer(815301076,1909f56bfc062723c751e8b465ee728b)
Start importing Assets/Sounds/VoiceOvers/Adnan's Voice Over/Line 20 - Adnan.mp3 using Guid(5345146e29c60fb409b41d0fd2ff1259) Importer(815301076,1909f56bfc062723c751e8b465ee728b)  -> (artifact id: 'd1eda8ce7d4f3630f50b616759ba462f') in 0.028934 seconds 
========================================================================
Received Import Request.
  Time since last request: 0.000242 seconds.
  path: Assets/Sounds/VoiceOvers/Adnan's Voice Over/Line 14 - Adnan.mp3
  artifactKey: Guid(c17e6438a78dbdc4889dca8e830b25ec) Importer(815301076,1909f56bfc062723c751e8b465ee728b)
Start importing Assets/Sounds/VoiceOvers/Adnan's Voice Over/Line 14 - Adnan.mp3 using Guid(c17e6438a78dbdc4889dca8e830b25ec) Importer(815301076,1909f56bfc062723c751e8b465ee728b)  -> (artifact id: '0ec529b0fb6145219d9c14f6ad217584') in 0.020809 seconds 
========================================================================
Received Import Request.
  Time since last request: 0.000203 seconds.
  path: Assets/Sounds/VoiceOvers/Adnan's Voice Over/Line 22 - Adnan.mp3
  artifactKey: Guid(7d4f8f2d1ca21ca40baea47ee890821e) Importer(815301076,1909f56bfc062723c751e8b465ee728b)
Start importing Assets/Sounds/VoiceOvers/Adnan's Voice Over/Line 22 - Adnan.mp3 using Guid(7d4f8f2d1ca21ca40baea47ee890821e) Importer(815301076,1909f56bfc062723c751e8b465ee728b)  -> (artifact id: 'c2676e3b9abd25adb30bee8c4e9eb0db') in 0.035814 seconds 
========================================================================
Received Import Request.
  Time since last request: 2.518971 seconds.
  path: Assets/Trees/Aspen Bark Diff.tga
  artifactKey: Guid(8bc53bcdd44a65e41a2def117d85ef0b) Importer(815301076,1909f56bfc062723c751e8b465ee728b)
Start importing Assets/Trees/Aspen Bark Diff.tga using Guid(8bc53bcdd44a65e41a2def117d85ef0b) Importer(815301076,1909f56bfc062723c751e8b465ee728b)  -> (artifact id: 'a6636232cad5b302d23ef07808e64bff') in 0.029949 seconds 
========================================================================
Received Import Request.
  Time since last request: 0.000311 seconds.
  path: Assets/Trees/Aspen Tree 03.spm
  artifactKey: Guid(ee1e346092d08f046beaf4a66d8d1de4) Importer(815301076,1909f56bfc062723c751e8b465ee728b)
Start importing Assets/Trees/Aspen Tree 03.spm using Guid(ee1e346092d08f046beaf4a66d8d1de4) Importer(815301076,1909f56bfc062723c751e8b465ee728b)  -> (artifact id: 'fec0f83a2abb416309069a35510f7ca1') in 0.264601 seconds 
========================================================================
Received Import Request.
  Time since last request: 0.000235 seconds.
  path: Assets/Trees/Aspen Tree 01_Atlas_Billboards_Normal.tga
  artifactKey: Guid(d307235c5c3fb934682a8a6a6a933cd7) Importer(815301076,1909f56bfc062723c751e8b465ee728b)
Start importing Assets/Trees/Aspen Tree 01_Atlas_Billboards_Normal.tga using Guid(d307235c5c3fb934682a8a6a6a933cd7) Importer(815301076,1909f56bfc062723c751e8b465ee728b)  -> (artifact id: 'e8e3b44ba88a2985ab715e1c85de3a17') in 0.028978 seconds 
========================================================================
Received Import Request.
  Time since last request: 0.000262 seconds.
  path: Assets/Trees/Aspen Tree 01_Atlas_Billboards.tga
  artifactKey: Guid(673e44a6ed7ca614190b8d415901cc3f) Importer(815301076,1909f56bfc062723c751e8b465ee728b)
Start importing Assets/Trees/Aspen Tree 01_Atlas_Billboards.tga using Guid(673e44a6ed7ca614190b8d415901cc3f) Importer(815301076,1909f56bfc062723c751e8b465ee728b)  -> (artifact id: '52ea842e3028f30641efee43c2152c97') in 0.028623 seconds 
========================================================================
Received Import Request.
  Time since last request: 0.000185 seconds.
  path: Assets/Trees/Aspen Tree 03_Atlas.tga
  artifactKey: Guid(e184779828e053f478e8a450b17ed308) Importer(815301076,1909f56bfc062723c751e8b465ee728b)
Start importing Assets/Trees/Aspen Tree 03_Atlas.tga using Guid(e184779828e053f478e8a450b17ed308) Importer(815301076,1909f56bfc062723c751e8b465ee728b)  -> (artifact id: 'd29f4961d40a3246515dd82ab11876e8') in 0.050059 seconds 
========================================================================
Received Import Request.
  Time since last request: 0.000402 seconds.
  path: Assets/Trees/Aspen Tree 01_Atlas_Normal.tga
  artifactKey: Guid(0cda55268c5173b47b3053fdecd4657b) Importer(815301076,1909f56bfc062723c751e8b465ee728b)
Start importing Assets/Trees/Aspen Tree 01_Atlas_Normal.tga using Guid(0cda55268c5173b47b3053fdecd4657b) Importer(815301076,1909f56bfc062723c751e8b465ee728b)  -> (artifact id: '4248565894113c3966f8745c687cf801') in 0.030298 seconds 
========================================================================
Received Import Request.
  Time since last request: 0.000246 seconds.
  path: Assets/Trees/Palm Bark Diff.tga
  artifactKey: Guid(cd51ae1ace7ddc34b948d2e4e47f620e) Importer(815301076,1909f56bfc062723c751e8b465ee728b)
Start importing Assets/Trees/Palm Bark Diff.tga using Guid(cd51ae1ace7ddc34b948d2e4e47f620e) Importer(815301076,1909f56bfc062723c751e8b465ee728b)  -> (artifact id: '8714e5fdd8035d8216712053ce77d5e1') in 0.015397 seconds 
========================================================================
Received Import Request.
  Time since last request: 0.000276 seconds.
  path: Assets/Trees/Palm Tree 01_Atlas_Billboards_Normal.tga
  artifactKey: Guid(9fd4faee6eafcf34e9bb885a629ed20e) Importer(815301076,1909f56bfc062723c751e8b465ee728b)
Start importing Assets/Trees/Palm Tree 01_Atlas_Billboards_Normal.tga using Guid(9fd4faee6eafcf34e9bb885a629ed20e) Importer(815301076,1909f56bfc062723c751e8b465ee728b)  -> (artifact id: '46d1daf528a4e7f5268fd789f48c41f4') in 0.031365 seconds 
========================================================================
Received Import Request.
  Time since last request: 0.000236 seconds.
  path: Assets/Trees/Aspen Tree 02.spm
  artifactKey: Guid(b6ed9e3ee9df6384a8f2b217d9ebf3b1) Importer(815301076,1909f56bfc062723c751e8b465ee728b)
Start importing Assets/Trees/Aspen Tree 02.spm using Guid(b6ed9e3ee9df6384a8f2b217d9ebf3b1) Importer(815301076,1909f56bfc062723c751e8b465ee728b)  -> (artifact id: '8b599bb421ab1617735adb9ccacb94cc') in 0.147402 seconds 
========================================================================
Received Import Request.
  Time since last request: 0.000303 seconds.
  path: Assets/Trees/Aspen Tree 03_Atlas_Billboards_Normal.tga
  artifactKey: Guid(c683821e6ad90434486456732b933217) Importer(815301076,1909f56bfc062723c751e8b465ee728b)
Start importing Assets/Trees/Aspen Tree 03_Atlas_Billboards_Normal.tga using Guid(c683821e6ad90434486456732b933217) Importer(815301076,1909f56bfc062723c751e8b465ee728b)  -> (artifact id: '4fe6027102e98d98bd09d6dd46a3cf35') in 0.075477 seconds 
========================================================================
Received Import Request.
  Time since last request: 0.000305 seconds.
  path: Assets/Trees/Palm Tree 01_Atlas.tga
  artifactKey: Guid(783ab3562af9e4b4e928ba22e9bf5d01) Importer(815301076,1909f56bfc062723c751e8b465ee728b)
Start importing Assets/Trees/Palm Tree 01_Atlas.tga using Guid(783ab3562af9e4b4e928ba22e9bf5d01) Importer(815301076,1909f56bfc062723c751e8b465ee728b)  -> (artifact id: '545afeafd1f45c1b3a6a553b29abf734') in 0.066041 seconds 
========================================================================
Received Import Request.
  Time since last request: 0.000329 seconds.
  path: Assets/Trees/Palm Bark NRM.tga
  artifactKey: Guid(0cc27ca47a0108e448d2a90c8117eab9) Importer(815301076,1909f56bfc062723c751e8b465ee728b)
Start importing Assets/Trees/Palm Bark NRM.tga using Guid(0cc27ca47a0108e448d2a90c8117eab9) Importer(815301076,1909f56bfc062723c751e8b465ee728b)  -> (artifact id: '85b152504f15f5409c01a30365e07049') in 0.024188 seconds 
========================================================================
Received Import Request.
  Time since last request: 0.000191 seconds.
  path: Assets/Trees/Aspen Tree 01_Atlas.tga
  artifactKey: Guid(73ed9f0f5da008e41b5ee40ae0db57a5) Importer(815301076,1909f56bfc062723c751e8b465ee728b)
Start importing Assets/Trees/Aspen Tree 01_Atlas.tga using Guid(73ed9f0f5da008e41b5ee40ae0db57a5) Importer(815301076,1909f56bfc062723c751e8b465ee728b)  -> (artifact id: '686cee504d90864842666362fe83fa9a') in 0.029473 seconds 
========================================================================
Received Import Request.
  Time since last request: 0.000222 seconds.
  path: Assets/Trees/Aspen Tree 01.spm
  artifactKey: Guid(94c846724b944c04eb790220e3799829) Importer(815301076,1909f56bfc062723c751e8b465ee728b)
Start importing Assets/Trees/Aspen Tree 01.spm using Guid(94c846724b944c04eb790220e3799829) Importer(815301076,1909f56bfc062723c751e8b465ee728b)  -> (artifact id: '1ee0d085df7a9b963426e38fefcf8e43') in 0.128031 seconds 
========================================================================
Received Import Request.
  Time since last request: 0.000264 seconds.
  path: Assets/Trees/Aspen Tree 04_Atlas.tga
  artifactKey: Guid(54ef7887803805a43b0bc108f2466b87) Importer(815301076,1909f56bfc062723c751e8b465ee728b)
Start importing Assets/Trees/Aspen Tree 04_Atlas.tga using Guid(54ef7887803805a43b0bc108f2466b87) Importer(815301076,1909f56bfc062723c751e8b465ee728b)  -> (artifact id: '3814fd886ff23da10eaac5f18816ec25') in 0.100910 seconds 
========================================================================
Received Import Request.
  Time since last request: 0.000292 seconds.
  path: Assets/Trees/Aspen Tree 04_Atlas_Normal.tga
  artifactKey: Guid(a59c568aeae397e4db7b7e93c79ff109) Importer(815301076,1909f56bfc062723c751e8b465ee728b)
Start importing Assets/Trees/Aspen Tree 04_Atlas_Normal.tga using Guid(a59c568aeae397e4db7b7e93c79ff109) Importer(815301076,1909f56bfc062723c751e8b465ee728b)  -> (artifact id: 'bc4d500b5d4744b0d23993b093cbbb7e') in 0.034391 seconds 
========================================================================
Received Import Request.
  Time since last request: 0.000214 seconds.
  path: Assets/Trees/Aspen Tree 02_Atlas_Billboards_Normal.tga
  artifactKey: Guid(826c7be19b4c1a34aaad27cbe13d19ee) Importer(815301076,1909f56bfc062723c751e8b465ee728b)
Start importing Assets/Trees/Aspen Tree 02_Atlas_Billboards_Normal.tga using Guid(826c7be19b4c1a34aaad27cbe13d19ee) Importer(815301076,1909f56bfc062723c751e8b465ee728b)  -> (artifact id: '6d9f13182d2ef469abebdba8022b6791') in 0.037051 seconds 
========================================================================
Received Import Request.
  Time since last request: 0.000278 seconds.
  path: Assets/Trees/New Terrain.asset
  artifactKey: Guid(08a94f1815f0d1e4b9c5025c628c2c37) Importer(815301076,1909f56bfc062723c751e8b465ee728b)
Start importing Assets/Trees/New Terrain.asset using Guid(08a94f1815f0d1e4b9c5025c628c2c37) Importer(815301076,1909f56bfc062723c751e8b465ee728b)  -> (artifact id: 'e50255a4197992d28f78ed75d996e34d') in 0.292454 seconds 
========================================================================
Received Import Request.
  Time since last request: 0.000192 seconds.
  path: Assets/Trees/Aspen Tree 02_Atlas_Normal.tga
  artifactKey: Guid(3e19a8e6d3436b148830a81a6db19afe) Importer(815301076,1909f56bfc062723c751e8b465ee728b)
Start importing Assets/Trees/Aspen Tree 02_Atlas_Normal.tga using Guid(3e19a8e6d3436b148830a81a6db19afe) Importer(815301076,1909f56bfc062723c751e8b465ee728b)  -> (artifact id: 'e3d3aafe1fcbd23a157548d8e55e61f1') in 0.028353 seconds 
========================================================================
Received Import Request.
  Time since last request: 0.000237 seconds.
  path: Assets/Trees/Palm Tree 01.spm
  artifactKey: Guid(01321430ba4e3aa44a1e08c6f27ca1cc) Importer(815301076,1909f56bfc062723c751e8b465ee728b)
Start importing Assets/Trees/Palm Tree 01.spm using Guid(01321430ba4e3aa44a1e08c6f27ca1cc) Importer(815301076,1909f56bfc062723c751e8b465ee728b)  -> (artifact id: 'd1cf4e879195dabd3a32b57a2679e670') in 0.123824 seconds 
========================================================================
Received Import Request.
  Time since last request: 0.000262 seconds.
  path: Assets/Trees/Aspen Bark Normal.tga
  artifactKey: Guid(3749fe1f213d1164781e9cf9809ddf9e) Importer(815301076,1909f56bfc062723c751e8b465ee728b)
Start importing Assets/Trees/Aspen Bark Normal.tga using Guid(3749fe1f213d1164781e9cf9809ddf9e) Importer(815301076,1909f56bfc062723c751e8b465ee728b)  -> (artifact id: 'ce375b6b8ec3463d66692f5e68cf9dda') in 0.025874 seconds 
========================================================================
Received Import Request.
  Time since last request: 0.000255 seconds.
  path: Assets/Trees/Palm Tree 01_Atlas_Normal.tga
  artifactKey: Guid(944bb86c445ae184a8208cdf5ee0944c) Importer(815301076,1909f56bfc062723c751e8b465ee728b)
Start importing Assets/Trees/Palm Tree 01_Atlas_Normal.tga using Guid(944bb86c445ae184a8208cdf5ee0944c) Importer(815301076,1909f56bfc062723c751e8b465ee728b)  -> (artifact id: '3a8e51a0f522e42584899cbc3b06ee04') in 0.033100 seconds 
========================================================================
Received Import Request.
  Time since last request: 0.000245 seconds.
  path: Assets/Trees/Palm Tree 02.spm
  artifactKey: Guid(c1b5d58db6ca15544a1e78015d5b322a) Importer(815301076,1909f56bfc062723c751e8b465ee728b)
Start importing Assets/Trees/Palm Tree 02.spm using Guid(c1b5d58db6ca15544a1e78015d5b322a) Importer(815301076,1909f56bfc062723c751e8b465ee728b)  -> (artifact id: '0e71a158bcf9b9de24478d2239edfb81') in 0.211808 seconds 
========================================================================
Received Import Request.
  Time since last request: 0.000217 seconds.
  path: Assets/Trees/Aspen Tree 04.spm
  artifactKey: Guid(1eaff54afd63eaf4ca15c4d76035d035) Importer(815301076,1909f56bfc062723c751e8b465ee728b)
Start importing Assets/Trees/Aspen Tree 04.spm using Guid(1eaff54afd63eaf4ca15c4d76035d035) Importer(815301076,1909f56bfc062723c751e8b465ee728b)  -> (artifact id: '73845f8f61ff8d3f40e2a178e2026da1') in 0.255327 seconds 
========================================================================
Received Import Request.
  Time since last request: 0.000290 seconds.
  path: Assets/Trees/Aspen Tree 03_Atlas_Billboards.tga
  artifactKey: Guid(ddc9c773448aa6f469e6a4199b536e09) Importer(815301076,1909f56bfc062723c751e8b465ee728b)
Start importing Assets/Trees/Aspen Tree 03_Atlas_Billboards.tga using Guid(ddc9c773448aa6f469e6a4199b536e09) Importer(815301076,1909f56bfc062723c751e8b465ee728b)  -> (artifact id: 'e75bf4e51fcb6520987bc5edae475da9') in 0.023319 seconds 
========================================================================
Received Import Request.
  Time since last request: 0.000218 seconds.
  path: Assets/Trees/Aspen Tree 02_Atlas_Billboards.tga
  artifactKey: Guid(a2a89aa6d57854948864241f8f3c0014) Importer(815301076,1909f56bfc062723c751e8b465ee728b)
Start importing Assets/Trees/Aspen Tree 02_Atlas_Billboards.tga using Guid(a2a89aa6d57854948864241f8f3c0014) Importer(815301076,1909f56bfc062723c751e8b465ee728b)  -> (artifact id: '51fd2a80270aff9b212efaf9a1dcf337') in 0.078345 seconds 
========================================================================
Received Import Request.
  Time since last request: 0.000376 seconds.
  path: Assets/Trees/Aspen Tree 03_Atlas_Normal.tga
  artifactKey: Guid(ba04e2bb9a1636e4ba9b95941ebc4ec7) Importer(815301076,1909f56bfc062723c751e8b465ee728b)
Start importing Assets/Trees/Aspen Tree 03_Atlas_Normal.tga using Guid(ba04e2bb9a1636e4ba9b95941ebc4ec7) Importer(815301076,1909f56bfc062723c751e8b465ee728b)  -> (artifact id: 'f6af979ac3f49666b3621587f2cbd600') in 0.023186 seconds 
========================================================================
Received Import Request.
  Time since last request: 0.000204 seconds.
  path: Assets/Trees/Aspen Tree 04_Atlas_Billboards_Normal.tga
  artifactKey: Guid(811d184298f172348b98585a56e6551e) Importer(815301076,1909f56bfc062723c751e8b465ee728b)
Start importing Assets/Trees/Aspen Tree 04_Atlas_Billboards_Normal.tga using Guid(811d184298f172348b98585a56e6551e) Importer(815301076,1909f56bfc062723c751e8b465ee728b)  -> (artifact id: 'a447625662b39815e618eb0cbeee2e8f') in 0.022644 seconds 
========================================================================
Received Import Request.
  Time since last request: 0.000206 seconds.
  path: Assets/Trees/Palm Tree 01_Atlas_Billboards.tga
  artifactKey: Guid(5c02ff444a07b5b45b891f05a6a5ef04) Importer(815301076,1909f56bfc062723c751e8b465ee728b)
Start importing Assets/Trees/Palm Tree 01_Atlas_Billboards.tga using Guid(5c02ff444a07b5b45b891f05a6a5ef04) Importer(815301076,1909f56bfc062723c751e8b465ee728b)  -> (artifact id: '6fb47f7a3ff2576b944522f4bb5051ac') in 0.021555 seconds 
========================================================================
Received Import Request.
  Time since last request: 0.000218 seconds.
  path: Assets/Trees/Aspen Tree 02_Atlas.tga
  artifactKey: Guid(99f2b12d0086d83419146c143f0ed740) Importer(815301076,1909f56bfc062723c751e8b465ee728b)
Start importing Assets/Trees/Aspen Tree 02_Atlas.tga using Guid(99f2b12d0086d83419146c143f0ed740) Importer(815301076,1909f56bfc062723c751e8b465ee728b)  -> (artifact id: '7d0d31adf85a8c411f6c9548bc0b97a8') in 0.018234 seconds 
========================================================================
Received Import Request.
  Time since last request: 0.000344 seconds.
  path: Assets/Trees/Aspen Tree 04_Atlas_Billboards.tga
  artifactKey: Guid(e0b5e02f2245b9a488a564a133c5cc35) Importer(815301076,1909f56bfc062723c751e8b465ee728b)
Start importing Assets/Trees/Aspen Tree 04_Atlas_Billboards.tga using Guid(e0b5e02f2245b9a488a564a133c5cc35) Importer(815301076,1909f56bfc062723c751e8b465ee728b)  -> (artifact id: 'bd96e4fb6445cee17d18c2be00372200') in 0.018925 seconds 
AssetImportWorkerClient::OnTransportError - code=2 error=End of file
